ALL-ROUNDER
Time: 116
	8.3	Up	Pete Docter
	8.3	Up	Bob Peterson
	8.2	Finding Nemo	Andrew Stanton
	8.1	Ratatouille	Brad Bird
	8.0	The Incredibles	Brad Bird
	7.9	Iron Man	Jon Favreau
	7.7	Tangled	Nathan Greno
	7.7	Tangled	Byron Howard
	7.4	The Jungle Book	Jon Favreau
	7.3	Megamind	Tom McGrath
UNDER THE RADAR
Time: 34
	Ben-Hur	254000	8.1	59437981
	The Departed	1400000	8.5	201481358
	Shutter Island	1500000	8.2	214850027
	Batman Begins	1600000	8.2	225325692
	The Wolf of Wall Street	1600000	8.2	307039432
	Django Unchained	1700000	8.5	326076293
	How to Train Your Dragon	800000	8.1	329879860
	WALL·E	1200000	8.4	341320168
	Gladiator	1600000	8.5	362387186
	Terminator 2: Judgment Day	1200000	8.6	418881154
THE PILLARS OF STORYTELLING
Time: 9
	What Dreams May Come	2
	Meet Joe Black	2
UNCREATIVE WRITERS
Time: 35
	Additional Voices	21
	Mom	11
	Additional Voice	10
	Waiter	10
	Security Guard	9
	Max	9
	Martian	9
	Sam	8
	Peter	8
	Beauty	8
WORKHORSE
Time: 14
	Samuel L. Jackson	16
	Arnold Schwarzenegger	14
	Brad Pitt	13
	Steve Buscemi	13
	Ian McKellen	13
	Johnny Depp	13
	Hugh Jackman	13
	Will Smith	12
	Tom Cruise	12
	Gary Oldman	12
MAGIC COUPLES
Time: 132
	Daniel Radcliffe:Emma Watson	8
	Emma Watson:Rupert Grint	8
	Daniel Radcliffe:Rupert Grint	8
	Paul Bettany:Robert Downey Jr.	6
	Adam Sandler:Nick Swardson	5
	Adam Sandler:Kevin James	5
	Simon Pegg:Tom Cruise	5
	Alan Rickman:Helena Bonham Carter	5
	Ian McKellen:Orlando Bloom	5
	Helena Bonham Carter:Johnny Depp	5
THE RED PLANET
Time: 7
	Total Recall
	Mission to Mars
	The Martian
COLOSSAL FAILURE
Error? Or not implemented?
Time: 2
MUST SEE
Time: 9
	1990	7.7	Home Alone
	1991	8.6	Terminator 2: Judgment Day
	1992	7.1	Batman Returns
	1993	6.5	Last Action Hero
	1994	7.3	True Lies
	1995	7.6	Die Hard with a Vengeance
	1996	7.0	The Hunchback of Notre Dame
	1997	7.9	Titanic
	1998	7.7	Mulan
	1999	7.9	Toy Story 2
	2000	8.5	Gladiator
	2001	8.9	The Lord of the Rings: The Fellowship of the Ring
	2002	8.8	The Lord of the Rings: The Two Towers
	2003	9.0	The Lord of the Rings: The Return of the King
	2004	8.0	The Incredibles
	2005	8.2	Batman Begins
	2006	8.5	The Departed
	2007	8.1	Ratatouille
	2008	9.0	The Dark Knight
	2009	8.3	Up
	2010	8.8	Inception
ROTTEN TOMATOES
Time: 6
	1990	7.5	Total Recall
	1991	7.3	Point Break
	1992	7.1	Batman Returns
	1993	6.4	The Three Musketeers
	1994	7.3	True Lies
	1995	5.4	Batman Forever
	1996	6.2	Eraser
	1997	3.8	Batman &amp; Robin
	1998	5.2	Lost in Space
	1999	4.9	Wild Wild West
	2000	4.5	Nutty Professor II: The Klumps
	2001	4.5	Town &amp; Country
	2002	3.9	The Adventures of Pluto Nash
	2003	4.1	The Cat in the Hat
	2004	3.4	Catwoman
	2005	2.3	Son of the Mask
	2006	5.1	Eragon
	2007	5.3	Ghost Rider
	2008	5.1	10,000 BC
	2009	5.1	G-Force
	2010	4.0	The Last Airbender